2025-07-07 22:06:07,101 - root - WARNING - Optimization failed: Positive directional derivative for linesearch
2025-07-07 22:06:07,102 - root - INFO - Optimization results - Return: 0.0014, Risk: 0.0168, Sharpe: 1.2782
2025-07-07 22:06:28,906 - root - INFO - Found symbol AAPL for company apple
2025-07-07 22:06:32,176 - root - INFO - Found symbol MSFT for company msft
2025-07-07 22:06:35,718 - root - INFO - Found symbol JPM for company jpm
2025-07-07 22:06:42,443 - root - INFO - Found symbol WMT for company wmt
2025-07-07 22:06:46,500 - root - INFO - Found symbol V for company v
2025-07-07 22:07:29,772 - root - WARNING - Optimization failed: Positive directional derivative for linesearch
2025-07-07 22:07:29,775 - root - INFO - Optimization results - Return: 0.0010, Risk: 0.0127, Sharpe: 1.2505
2025-07-07 22:15:02,693 - root - INFO - Debug data response: {'last_prices': {'AAPL': [205.17, 207.82, 212.44, 213.55, 209.95], 'MSFT': [497.41, 492.05, 491.09, 498.84, 497.72]}, 'mean_returns': {'AAPL': 0.002141, 'MSFT': 0.005457}, 'return_std': {'AAPL': 0.028005, 'MSFT': 0.019589}, 'data_check': {'null_values': 0, 'zero_returns': 1}}
2025-07-07 22:16:00,177 - root - INFO - Debug data response: {'last_prices': {'AAPL': [205.17, 207.82, 212.44, 213.55, 209.95], 'MSFT': [497.41, 492.05, 491.09, 498.84, 497.72]}, 'mean_returns': {'AAPL': 0.002141, 'MSFT': 0.005457}, 'return_std': {'AAPL': 0.028005, 'MSFT': 0.019589}, 'data_check': {'null_values': 0, 'zero_returns': 1}}
2025-07-07 22:16:37,173 - root - WARNING - Optimization failed: Positive directional derivative for linesearch
2025-07-07 22:16:37,175 - root - INFO - Optimization results - Return: 0.0002, Risk: 0.0162, Sharpe: 0.2310
2025-07-07 22:20:55,310 - root - INFO - 
Optimization Inputs:
2025-07-07 22:20:55,312 - root - INFO - Mean Returns:
Ticker
AAPL    0.002141
MSFT    0.005457
dtype: float64
2025-07-07 22:20:55,319 - root - INFO - Covariance Matrix:
Ticker      AAPL      MSFT
Ticker                    
AAPL    0.000784  0.000376
MSFT    0.000376  0.000384
2025-07-07 22:20:55,343 - root - INFO - 
Optimization Results:
2025-07-07 22:20:55,344 - root - INFO - Success: True
2025-07-07 22:20:55,344 - root - INFO - Message: Optimization terminated successfully
2025-07-07 22:20:55,344 - root - INFO - Weights: [0.39210951 0.60789049]
2025-07-07 22:20:55,345 - root - INFO - Final metrics - Return: 0.0042, Risk: 0.0210, Sharpe: 3.1408
2025-07-07 22:21:37,128 - root - INFO - 
Optimization Inputs:
2025-07-07 22:21:37,129 - root - INFO - Mean Returns:
Ticker
GOOG    0.000474
NVDA    0.002787
TSLA    0.001486
dtype: float64
2025-07-07 22:21:37,134 - root - INFO - Covariance Matrix:
Ticker      GOOG      NVDA      TSLA
Ticker                              
GOOG    0.000538  0.000609  0.000764
NVDA    0.000609  0.001408  0.001426
TSLA    0.000764  0.001426  0.002792
2025-07-07 22:21:37,448 - root - INFO - 
Optimization Results:
2025-07-07 22:21:37,449 - root - INFO - Success: False
2025-07-07 22:21:37,449 - root - INFO - Message: Positive directional derivative for linesearch
2025-07-07 22:21:37,449 - root - INFO - Weights: [0.33333333 0.33333333 0.33333333]
2025-07-07 22:21:37,450 - root - WARNING - Optimization failed: Positive directional derivative for linesearch
2025-07-07 22:21:37,451 - root - INFO - Final metrics - Return: 0.0016, Risk: 0.0339, Sharpe: 0.7411
2025-07-07 22:27:23,300 - root - ERROR - Optimization error: 'list' object has no attribute 'min_asset_weight'
2025-07-07 22:27:57,011 - root - ERROR - Optimization error: 'list' object has no attribute 'min_asset_weight'
2025-07-07 22:33:47,439 - ERROR - 
1 Failed download:
2025-07-07 22:33:47,439 - ERROR - ['SQ']: YFPricesMissingError('possibly delisted; no price data found  (period=180d) (Yahoo error = "No data found, symbol may be delisted")')
2025-07-07 22:33:47,448 - ERROR - Optimization error: Some assets may not have enough data.
2025-07-07 22:34:43,234 - ERROR - 
1 Failed download:
2025-07-07 22:34:43,235 - ERROR - ['SQ']: YFPricesMissingError('possibly delisted; no price data found  (period=90d) (Yahoo error = "No data found, symbol may be delisted")')
2025-07-07 22:34:43,240 - ERROR - Optimization error: Some assets may not have enough data.
2025-07-07 23:59:40,607 - ERROR - 
1 Failed download:
2025-07-07 23:59:40,608 - ERROR - ['SQ']: YFPricesMissingError('possibly delisted; no price data found  (period=126d) (Yahoo error = "No data found, symbol may be delisted")')
2025-07-07 23:59:40,613 - ERROR - Optimization error: Some assets may not have enough data.
2025-07-22 20:30:42,155 - ERROR - Optimization error: 'PortfolioConstraints' object has no attribute 'max_portfolio_volatility'
2025-07-22 20:32:20,955 - ERROR - Optimization error: 'PortfolioConstraints' object has no attribute 'max_portfolio_volatility'
2025-07-22 21:06:26,018 - ERROR - HTTP Error 404: 
2025-07-22 21:06:26,161 - ERROR - $APPLE: possibly delisted; no timezone found
2025-07-22 21:06:26,495 - ERROR - HTTP Error 404: 
2025-07-22 21:06:26,596 - ERROR - $NVIDIA: possibly delisted; no timezone found
2025-07-22 21:06:29,282 - ERROR - $APPLE: possibly delisted; no timezone found
2025-07-22 21:06:29,294 - ERROR - $NVIDIA: possibly delisted; no timezone found
2025-07-22 21:06:30,059 - ERROR - $APPLE: possibly delisted; no timezone found
2025-07-22 21:06:30,064 - ERROR - $NVIDIA: possibly delisted; no timezone found
2025-07-22 21:06:30,508 - ERROR - $APPLE: possibly delisted; no timezone found
2025-07-22 21:06:30,516 - ERROR - $NVIDIA: possibly delisted; no timezone found
2025-07-22 21:06:30,746 - ERROR - $APPLE: possibly delisted; no timezone found
2025-07-22 21:06:30,752 - ERROR - $NVIDIA: possibly delisted; no timezone found
2025-07-22 21:06:30,909 - ERROR - $APPLE: possibly delisted; no timezone found
2025-07-22 21:06:30,914 - ERROR - $NVIDIA: possibly delisted; no timezone found
2025-08-08 01:07:28,016 - ERROR - 
2 Failed downloads:
2025-08-08 01:07:28,017 - ERROR - ['JPM']: Timeout('Failed to perform, curl: (28) Connection timed out after 10010 milliseconds. See https://curl.se/libcurl/c/libcurl-errors.html first for more details.')
2025-08-08 01:07:28,017 - ERROR - ['JNJ']: Timeout('Failed to perform, curl: (28) Connection timed out after 10003 milliseconds. See https://curl.se/libcurl/c/libcurl-errors.html first for more details.')
2025-08-08 01:07:28,029 - ERROR - Optimization error: Some assets may not have enough data.
